remote: error: GH013: Repository rule violations found for refs/heads/main.        
remote: 
remote: - GITHUB PUSH PROTECTION        
remote:   —————————————————————————————————————————        
remote:     Resolve the following violations before pushing again        
remote: 
remote:     - Push cannot contain secrets        
remote: 
remote:             
remote:      (?) Learn how to resolve a blocked push        
remote:      https://docs.github.com/code-security/secret-scanning/working-with-secret-scanning-and-push-protection/working-with-push-protection-from-the-command-line#resolving-a-blocked-push        
remote:             
remote:             
remote:       —— Cashfree API Key ——————————————————————————————————        
remote:        locations:        
remote:          - commit: 77f1d29ac9052f313bb4bc317bf4eec189c7db4d        
remote:            path: backend/.env:10        
remote:             
remote:        (?) To push, remove secret from commit(s) or follow this URL to allow the secret.        
remote:        https://github.com/ionode-cloud/Train-Ticket-Booking/security/secret-scanning/unblock-secret/3C4F9aJh3m9YIyhsKAmEmm8eU2J        
remote:             
remote: 
remote: 
To https://github.com/ionode-cloud/Train-Ticket-Booking.git
 ! [remote rejected] main -> main (push declined due to repository rule violations)
error: failed to push some refs to 'https://github.com/ionode-cloud/Train-Ticket-Booking.git'
